<?xml version="1.0" encoding="UTF-8"?>
<testsuites>
  <testsuite name="desktop_navigation_tests" timestamp="2017-04-03T13:16:39" time="18.837" tests="0" failures="0" errors="0" skipped="0">
    <properties>
      <property name="specId" value="d57c04ce22b7d396608218db62e5cb99"/>
      <property name="suiteName" value="Desktop Navigation Tests"/>
      <property name="capabilities" value="chrome"/>
      <property name="file" value=".\tests\Desktop\Header.js"/>
    </properties>
  </testsuite>
  <testsuite name="verify_free_shipping_header" timestamp="2017-04-03T13:16:41" time="0.083" tests="1" failures="0" errors="0" skipped="0">
    <properties>
      <property name="specId" value="d57c04ce22b7d396608218db62e5cb99"/>
      <property name="suiteName" value="Verify Free Shipping Header"/>
      <property name="capabilities" value="chrome"/>
      <property name="file" value=".\tests\Desktop\Header.js"/>
    </properties>
    <testcase classname="chrome.verify_free_shipping_header" name="should_show_the_free_shipping_header" time="0.082">
      <system-out>
        <![CDATA[
COMMAND: POST http://127.0.0.1:4444/wd/hub/session/a2918683-3001-4a84-a029-0d3f87e923af/element - {"using":"css selector","value":".topShippingHeader"}
RESULT: {"state":"success","sessionId":"a2918683-3001-4a84-a029-0d3f87e923af","hCode":260754179,"value":{"ELEMENT":"0"},"class":"org.openqa.selenium.remote.Response","status":0}
]]>
      </system-out>
    </testcase>
  </testsuite>
  <testsuite name="verify_menu_header_items" timestamp="2017-04-03T13:16:41" time="0.967" tests="4" failures="0" errors="0" skipped="0">
    <properties>
      <property name="specId" value="d57c04ce22b7d396608218db62e5cb99"/>
      <property name="suiteName" value="Verify Menu Header Items"/>
      <property name="capabilities" value="chrome"/>
      <property name="file" value=".\tests\Desktop\Header.js"/>
    </properties>
    <testcase classname="chrome.verify_menu_header_items" name="should_contain_men" time="0.228">
      <system-out>
        <![CDATA[
COMMAND: POST http://127.0.0.1:4444/wd/hub/session/a2918683-3001-4a84-a029-0d3f87e923af/elements - {"using":"id","value":"Men-Header-Link"}
RESULT: {"state":"success","sessionId":"a2918683-3001-4a84-a029-0d3f87e923af","hCode":1897996384,"value":[{"ELEMENT":"1"}],"class":"org.openqa.selenium.remote.Response","status":0}
COMMAND: GET http://127.0.0.1:4444/wd/hub/session/a2918683-3001-4a84-a029-0d3f87e923af/element/1/text - {}
RESULT: {"state":"success","sessionId":"a2918683-3001-4a84-a029-0d3f87e923af","hCode":1918750962,"value":"MEN","class":"org.openqa.selenium.remote.Response","status":0}
]]>
      </system-out>
    </testcase>
    <testcase classname="chrome.verify_menu_header_items" name="should_contain_women" time="0.596">
      <system-out>
        <![CDATA[
COMMAND: POST http://127.0.0.1:4444/wd/hub/session/a2918683-3001-4a84-a029-0d3f87e923af/elements - {"using":"id","value":"Women-Header-Link"}
RESULT: {"state":"success","sessionId":"a2918683-3001-4a84-a029-0d3f87e923af","hCode":1682189853,"value":[{"ELEMENT":"2"}],"class":"org.openqa.selenium.remote.Response","status":0}
COMMAND: GET http://127.0.0.1:4444/wd/hub/session/a2918683-3001-4a84-a029-0d3f87e923af/element/2/text - {}
RESULT: {"state":"success","sessionId":"a2918683-3001-4a84-a029-0d3f87e923af","hCode":327727847,"value":"WOMEN","class":"org.openqa.selenium.remote.Response","status":0}
]]>
      </system-out>
    </testcase>
    <testcase classname="chrome.verify_menu_header_items" name="should_contain_bras" time="0.07">
      <system-out>
        <![CDATA[
COMMAND: POST http://127.0.0.1:4444/wd/hub/session/a2918683-3001-4a84-a029-0d3f87e923af/elements - {"using":"id","value":"Bra-Header-Link"}
RESULT: {"state":"success","sessionId":"a2918683-3001-4a84-a029-0d3f87e923af","hCode":1581623821,"value":[{"ELEMENT":"3"}],"class":"org.openqa.selenium.remote.Response","status":0}
COMMAND: GET http://127.0.0.1:4444/wd/hub/session/a2918683-3001-4a84-a029-0d3f87e923af/element/3/text - {}
RESULT: {"state":"success","sessionId":"a2918683-3001-4a84-a029-0d3f87e923af","hCode":180509920,"value":"BRAS","class":"org.openqa.selenium.remote.Response","status":0}
]]>
      </system-out>
    </testcase>
    <testcase classname="chrome.verify_menu_header_items" name="should_contain_sale" time="0.069">
      <system-out>
        <![CDATA[
COMMAND: POST http://127.0.0.1:4444/wd/hub/session/a2918683-3001-4a84-a029-0d3f87e923af/elements - {"using":"id","value":"Sale-Header-Link"}
RESULT: {"state":"success","sessionId":"a2918683-3001-4a84-a029-0d3f87e923af","hCode":726000612,"value":[{"ELEMENT":"4"}],"class":"org.openqa.selenium.remote.Response","status":0}
COMMAND: GET http://127.0.0.1:4444/wd/hub/session/a2918683-3001-4a84-a029-0d3f87e923af/element/4/text - {}
RESULT: {"state":"success","sessionId":"a2918683-3001-4a84-a029-0d3f87e923af","hCode":474653752,"value":"SALE","class":"org.openqa.selenium.remote.Response","status":0}
]]>
      </system-out>
    </testcase>
  </testsuite>
  <testsuite name="verify_jockey_logo_in_header" timestamp="2017-04-03T13:16:42" time="0.085" tests="2" failures="0" errors="1" skipped="0">
    <properties>
      <property name="specId" value="d57c04ce22b7d396608218db62e5cb99"/>
      <property name="suiteName" value="Verify Jockey Logo in header"/>
      <property name="capabilities" value="chrome"/>
      <property name="file" value=".\tests\Desktop\Header.js"/>
    </properties>
    <testcase classname="chrome.verify_jockey_logo_in_header" name="should_display_the_jockey_logo_in_the_header" time="0.05">
      <error message="expected 'https://d2duui3d8as2qd.cloudfront.net/assets/logo_1212.png' to equal 'TEST'"/>
      <system-out>
        <![CDATA[
COMMAND: POST http://127.0.0.1:4444/wd/hub/session/a2918683-3001-4a84-a029-0d3f87e923af/elements - {"using":"css selector","value":".logoWrapper img"}
RESULT: {"state":"success","sessionId":"a2918683-3001-4a84-a029-0d3f87e923af","hCode":1469358338,"value":[{"ELEMENT":"5"}],"class":"org.openqa.selenium.remote.Response","status":0}
COMMAND: GET http://127.0.0.1:4444/wd/hub/session/a2918683-3001-4a84-a029-0d3f87e923af/element/5/attribute/src - {}
RESULT: {"state":"success","sessionId":"a2918683-3001-4a84-a029-0d3f87e923af","hCode":1521426504,"value":"https://d2duui3d8as2qd.cloudfront.net/assets/logo_1212.png","class":"org.openqa.selenium.remote.Response","status":0}
]]>
      </system-out>
      <system-err>
        <![CDATA[
AssertionError: expected 'https://d2duui3d8as2qd.cloudfront.net/assets/logo_1212.png' to equal 'TEST'
    at Context.<anonymous> (C:\Users\linningd\Desktop\MochaTests\tests\Desktop\Header.js:40:71)
    at C:\Users\linningd\Desktop\MochaTests\node_modules\wdio-sync\build\index.js:578:26
    at Promise.F (C:\Users\linningd\Desktop\MochaTests\node_modules\core-js\library\modules\_export.js:35:28)
    at Context.executeSync (C:\Users\linningd\Desktop\MochaTests\node_modules\wdio-sync\build\index.js:576:12)
    at C:\Users\linningd\Desktop\MochaTests\node_modules\wdio-sync\build\index.js:734:42
]]>
      </system-err>
    </testcase>
    <testcase classname="chrome.verify_jockey_logo_in_header" name="should_have_alt_of_jockey" time="0.033">
      <system-out>
        <![CDATA[
COMMAND: POST http://127.0.0.1:4444/wd/hub/session/a2918683-3001-4a84-a029-0d3f87e923af/elements - {"using":"css selector","value":".logoWrapper img"}
RESULT: {"state":"success","sessionId":"a2918683-3001-4a84-a029-0d3f87e923af","hCode":18708117,"value":[{"ELEMENT":"5"}],"class":"org.openqa.selenium.remote.Response","status":0}
COMMAND: GET http://127.0.0.1:4444/wd/hub/session/a2918683-3001-4a84-a029-0d3f87e923af/element/5/attribute/alt - {}
RESULT: {"state":"success","sessionId":"a2918683-3001-4a84-a029-0d3f87e923af","hCode":1682525714,"value":"Jockey","class":"org.openqa.selenium.remote.Response","status":0}
]]>
      </system-out>
    </testcase>
  </testsuite>
  <testsuite name="verify_jockey_logo_is_clickable" timestamp="2017-04-03T13:16:42" time="2.86" tests="1" failures="0" errors="0" skipped="0">
    <properties>
      <property name="specId" value="d57c04ce22b7d396608218db62e5cb99"/>
      <property name="suiteName" value="Verify Jockey Logo is clickable"/>
      <property name="capabilities" value="chrome"/>
      <property name="file" value=".\tests\Desktop\Header.js"/>
    </properties>
    <testcase classname="chrome.verify_jockey_logo_is_clickable" name="should_redirect_to_homepage_https" time="2.86">
      <system-out>
        <![CDATA[
COMMAND: POST http://127.0.0.1:4444/wd/hub/session/a2918683-3001-4a84-a029-0d3f87e923af/url - {"url":"https://www.jockey.com/home/men"}
RESULT: {"state":"success","sessionId":"a2918683-3001-4a84-a029-0d3f87e923af","hCode":1419194371,"value":null,"class":"org.openqa.selenium.remote.Response","status":0}
COMMAND: POST http://127.0.0.1:4444/wd/hub/session/a2918683-3001-4a84-a029-0d3f87e923af/element - {"using":"css selector","value":".logoWrapper"}
RESULT: {"state":"success","sessionId":"a2918683-3001-4a84-a029-0d3f87e923af","hCode":1266386120,"value":{"ELEMENT":"6"},"class":"org.openqa.selenium.remote.Response","status":0}
COMMAND: POST http://127.0.0.1:4444/wd/hub/session/a2918683-3001-4a84-a029-0d3f87e923af/element/6/click - {}
RESULT: {"state":"success","sessionId":"a2918683-3001-4a84-a029-0d3f87e923af","hCode":2032383784,"value":null,"class":"org.openqa.selenium.remote.Response","status":0}
COMMAND: GET http://127.0.0.1:4444/wd/hub/session/a2918683-3001-4a84-a029-0d3f87e923af/url - {}
RESULT: {"state":"success","sessionId":"a2918683-3001-4a84-a029-0d3f87e923af","hCode":816890033,"value":"https://www.jockey.com/","class":"org.openqa.selenium.remote.Response","status":0}
]]>
      </system-out>
    </testcase>
  </testsuite>
  <testsuite name="verify_men_menu_option_is_working" timestamp="2017-04-03T13:16:45" time="2.022" tests="1" failures="0" errors="0" skipped="0">
    <properties>
      <property name="specId" value="d57c04ce22b7d396608218db62e5cb99"/>
      <property name="suiteName" value="Verify MEN menu option is working"/>
      <property name="capabilities" value="chrome"/>
      <property name="file" value=".\tests\Desktop\Header.js"/>
    </properties>
    <testcase classname="chrome.verify_men_menu_option_is_working" name="should_when_clicked_redirect_properly" time="1.238">
      <system-out>
        <![CDATA[
COMMAND: POST http://127.0.0.1:4444/wd/hub/session/a2918683-3001-4a84-a029-0d3f87e923af/element - {"using":"id","value":"Men-Header-Link"}
RESULT: {"state":"success","sessionId":"a2918683-3001-4a84-a029-0d3f87e923af","hCode":1577986798,"value":{"ELEMENT":"7"},"class":"org.openqa.selenium.remote.Response","status":0}
COMMAND: POST http://127.0.0.1:4444/wd/hub/session/a2918683-3001-4a84-a029-0d3f87e923af/element/7/click - {}
RESULT: {"state":"success","sessionId":"a2918683-3001-4a84-a029-0d3f87e923af","hCode":660419770,"value":null,"class":"org.openqa.selenium.remote.Response","status":0}
COMMAND: GET http://127.0.0.1:4444/wd/hub/session/a2918683-3001-4a84-a029-0d3f87e923af/url - {}
RESULT: {"state":"success","sessionId":"a2918683-3001-4a84-a029-0d3f87e923af","hCode":526266747,"value":"https://www.jockey.com/home/men","class":"org.openqa.selenium.remote.Response","status":0}
]]>
      </system-out>
    </testcase>
  </testsuite>
  <testsuite name="dropdown_menu_specs" timestamp="2017-04-03T13:16:46" time="0.784" tests="3" failures="0" errors="0" skipped="0">
    <properties>
      <property name="specId" value="d57c04ce22b7d396608218db62e5cb99"/>
      <property name="suiteName" value="Dropdown Menu Specs"/>
      <property name="capabilities" value="chrome"/>
      <property name="file" value=".\tests\Desktop\Header.js"/>
    </properties>
    <testcase classname="chrome.dropdown_menu_specs" name="should_display_dropdown_menu_on_hover" time="0.695">
      <system-out>
        <![CDATA[
COMMAND: POST http://127.0.0.1:4444/wd/hub/session/a2918683-3001-4a84-a029-0d3f87e923af/element - {"using":"id","value":"Men-Header-Link"}
RESULT: {"state":"success","sessionId":"a2918683-3001-4a84-a029-0d3f87e923af","hCode":1186125063,"value":{"ELEMENT":"8"},"class":"org.openqa.selenium.remote.Response","status":0}
COMMAND: POST http://127.0.0.1:4444/wd/hub/session/a2918683-3001-4a84-a029-0d3f87e923af/moveto - {"element":"8"}
RESULT: {"state":"success","sessionId":"a2918683-3001-4a84-a029-0d3f87e923af","hCode":264469862,"value":null,"class":"org.openqa.selenium.remote.Response","status":0}
COMMAND: POST http://127.0.0.1:4444/wd/hub/session/a2918683-3001-4a84-a029-0d3f87e923af/elements - {"using":"id","value":"MenFlyOut"}
RESULT: {"state":"success","sessionId":"a2918683-3001-4a84-a029-0d3f87e923af","hCode":980288319,"value":[{"ELEMENT":"9"}],"class":"org.openqa.selenium.remote.Response","status":0}
COMMAND: GET http://127.0.0.1:4444/wd/hub/session/a2918683-3001-4a84-a029-0d3f87e923af/element/9/attribute/style - {}
RESULT: {"state":"success","sessionId":"a2918683-3001-4a84-a029-0d3f87e923af","hCode":1635270668,"value":"display: block;","class":"org.openqa.selenium.remote.Response","status":0}
]]>
      </system-out>
    </testcase>
    <testcase classname="chrome.dropdown_menu_specs" name="should_contain_men_s_underwear" time="0.051">
      <system-out>
        <![CDATA[
COMMAND: POST http://127.0.0.1:4444/wd/hub/session/a2918683-3001-4a84-a029-0d3f87e923af/elements - {"using":"id","value":"MenFlyOut"}
RESULT: {"state":"success","sessionId":"a2918683-3001-4a84-a029-0d3f87e923af","hCode":1998880941,"value":[{"ELEMENT":"9"}],"class":"org.openqa.selenium.remote.Response","status":0}
COMMAND: GET http://127.0.0.1:4444/wd/hub/session/a2918683-3001-4a84-a029-0d3f87e923af/element/9/text - {}
RESULT: {"state":"success","sessionId":"a2918683-3001-4a84-a029-0d3f87e923af","hCode":1671884626,"value":"MEN'S UNDERWEAR ›\nbrief\nboxer brief\nmidway® brief\nbikini\nboxer\nthong\nstring bikini\ntrunk\nCATEGORIES\nunderwear\nt-shirts\nthermals\nsleep & lounge\nactivewear\nbig & tall\nsport underwear\nsocks\nnew arrivals","class":"org.openqa.selenium.remote.Response","status":0}
]]>
      </system-out>
    </testcase>
    <testcase classname="chrome.dropdown_menu_specs" name="should_contain_categories" time="0.037">
      <system-out>
        <![CDATA[
COMMAND: POST http://127.0.0.1:4444/wd/hub/session/a2918683-3001-4a84-a029-0d3f87e923af/elements - {"using":"id","value":"MenFlyOut"}
RESULT: {"state":"success","sessionId":"a2918683-3001-4a84-a029-0d3f87e923af","hCode":1334290557,"value":[{"ELEMENT":"9"}],"class":"org.openqa.selenium.remote.Response","status":0}
COMMAND: GET http://127.0.0.1:4444/wd/hub/session/a2918683-3001-4a84-a029-0d3f87e923af/element/9/text - {}
RESULT: {"state":"success","sessionId":"a2918683-3001-4a84-a029-0d3f87e923af","hCode":336986753,"value":"MEN'S UNDERWEAR ›\nbrief\nboxer brief\nmidway® brief\nbikini\nboxer\nthong\nstring bikini\ntrunk\nCATEGORIES\nunderwear\nt-shirts\nthermals\nsleep & lounge\nactivewear\nbig & tall\nsport underwear\nsocks\nnew arrivals","class":"org.openqa.selenium.remote.Response","status":0}
]]>
      </system-out>
    </testcase>
  </testsuite>
  <testsuite name="verify_women_menu_option_is_working" timestamp="2017-04-03T13:16:47" time="1.468" tests="1" failures="0" errors="0" skipped="0">
    <properties>
      <property name="specId" value="d57c04ce22b7d396608218db62e5cb99"/>
      <property name="suiteName" value="Verify WOMEN menu option is working"/>
      <property name="capabilities" value="chrome"/>
      <property name="file" value=".\tests\Desktop\Header.js"/>
    </properties>
    <testcase classname="chrome.verify_women_menu_option_is_working" name="should_when_clicked_redirect_properly" time="1.103">
      <system-out>
        <![CDATA[
COMMAND: POST http://127.0.0.1:4444/wd/hub/session/a2918683-3001-4a84-a029-0d3f87e923af/element - {"using":"id","value":"Women-Header-Link"}
RESULT: {"state":"success","sessionId":"a2918683-3001-4a84-a029-0d3f87e923af","hCode":1758349880,"value":{"ELEMENT":"10"},"class":"org.openqa.selenium.remote.Response","status":0}
COMMAND: POST http://127.0.0.1:4444/wd/hub/session/a2918683-3001-4a84-a029-0d3f87e923af/element/10/click - {}
RESULT: {"state":"success","sessionId":"a2918683-3001-4a84-a029-0d3f87e923af","hCode":570225642,"value":null,"class":"org.openqa.selenium.remote.Response","status":0}
COMMAND: GET http://127.0.0.1:4444/wd/hub/session/a2918683-3001-4a84-a029-0d3f87e923af/url - {}
RESULT: {"state":"success","sessionId":"a2918683-3001-4a84-a029-0d3f87e923af","hCode":541733103,"value":"https://www.jockey.com/home/women","class":"org.openqa.selenium.remote.Response","status":0}
]]>
      </system-out>
    </testcase>
  </testsuite>
  <testsuite name="dropdown_menu_specs" timestamp="2017-04-03T13:16:48" time="0.363" tests="3" failures="0" errors="0" skipped="0">
    <properties>
      <property name="specId" value="d57c04ce22b7d396608218db62e5cb99"/>
      <property name="suiteName" value="Dropdown Menu Specs"/>
      <property name="capabilities" value="chrome"/>
      <property name="file" value=".\tests\Desktop\Header.js"/>
    </properties>
    <testcase classname="chrome.dropdown_menu_specs" name="should_display_dropdown_menu_on_hover" time="0.276">
      <system-out>
        <![CDATA[
COMMAND: POST http://127.0.0.1:4444/wd/hub/session/a2918683-3001-4a84-a029-0d3f87e923af/element - {"using":"id","value":"Women-Header-Link"}
RESULT: {"state":"success","sessionId":"a2918683-3001-4a84-a029-0d3f87e923af","hCode":719122168,"value":{"ELEMENT":"11"},"class":"org.openqa.selenium.remote.Response","status":0}
COMMAND: POST http://127.0.0.1:4444/wd/hub/session/a2918683-3001-4a84-a029-0d3f87e923af/moveto - {"element":"11"}
RESULT: {"state":"success","sessionId":"a2918683-3001-4a84-a029-0d3f87e923af","hCode":579527376,"value":null,"class":"org.openqa.selenium.remote.Response","status":0}
COMMAND: POST http://127.0.0.1:4444/wd/hub/session/a2918683-3001-4a84-a029-0d3f87e923af/elements - {"using":"id","value":"WomenFlyOut"}
RESULT: {"state":"success","sessionId":"a2918683-3001-4a84-a029-0d3f87e923af","hCode":2083212266,"value":[{"ELEMENT":"12"}],"class":"org.openqa.selenium.remote.Response","status":0}
COMMAND: GET http://127.0.0.1:4444/wd/hub/session/a2918683-3001-4a84-a029-0d3f87e923af/element/12/attribute/style - {}
RESULT: {"state":"success","sessionId":"a2918683-3001-4a84-a029-0d3f87e923af","hCode":758212140,"value":"display: block;","class":"org.openqa.selenium.remote.Response","status":0}
]]>
      </system-out>
    </testcase>
    <testcase classname="chrome.dropdown_menu_specs" name="should_contain_women_s_underwear" time="0.049">
      <system-out>
        <![CDATA[
COMMAND: POST http://127.0.0.1:4444/wd/hub/session/a2918683-3001-4a84-a029-0d3f87e923af/elements - {"using":"id","value":"WomenFlyOut"}
RESULT: {"state":"success","sessionId":"a2918683-3001-4a84-a029-0d3f87e923af","hCode":1747846074,"value":[{"ELEMENT":"12"}],"class":"org.openqa.selenium.remote.Response","status":0}
COMMAND: GET http://127.0.0.1:4444/wd/hub/session/a2918683-3001-4a84-a029-0d3f87e923af/element/12/text - {}
RESULT: {"state":"success","sessionId":"a2918683-3001-4a84-a029-0d3f87e923af","hCode":1677064229,"value":"WOMEN'S UNDERWEAR ›\nfrench cut\nbikini\nhipster\nbrief\nboyshort\nstring bikini\nhi cut\nskimmies®\nslipshorts\nthong\nbralette\nCATEGORIES\nunderwear\nsleep & lounge\nactivewear\nplus sizes\ncamis\nbras\nkids\nsports bras\nthermals\ntops\nbralette\nshapewear\nsocks\nnew-arrivals","class":"org.openqa.selenium.remote.Response","status":0}
]]>
      </system-out>
    </testcase>
    <testcase classname="chrome.dropdown_menu_specs" name="should_contain_categories" time="0.038">
      <system-out>
        <![CDATA[
COMMAND: POST http://127.0.0.1:4444/wd/hub/session/a2918683-3001-4a84-a029-0d3f87e923af/elements - {"using":"id","value":"WomenFlyOut"}
RESULT: {"state":"success","sessionId":"a2918683-3001-4a84-a029-0d3f87e923af","hCode":129197289,"value":[{"ELEMENT":"12"}],"class":"org.openqa.selenium.remote.Response","status":0}
COMMAND: GET http://127.0.0.1:4444/wd/hub/session/a2918683-3001-4a84-a029-0d3f87e923af/element/12/text - {}
RESULT: {"state":"success","sessionId":"a2918683-3001-4a84-a029-0d3f87e923af","hCode":1748727138,"value":"WOMEN'S UNDERWEAR ›\nfrench cut\nbikini\nhipster\nbrief\nboyshort\nstring bikini\nhi cut\nskimmies®\nslipshorts\nthong\nbralette\nCATEGORIES\nunderwear\nsleep & lounge\nactivewear\nplus sizes\ncamis\nbras\nkids\nsports bras\nthermals\ntops\nbralette\nshapewear\nsocks\nnew-arrivals","class":"org.openqa.selenium.remote.Response","status":0}
]]>
      </system-out>
    </testcase>
  </testsuite>
  <testsuite name="verify_bra_menu_option_is_working" timestamp="2017-04-03T13:16:49" time="2.018" tests="1" failures="0" errors="0" skipped="0">
    <properties>
      <property name="specId" value="d57c04ce22b7d396608218db62e5cb99"/>
      <property name="suiteName" value="Verify BRA menu option is working"/>
      <property name="capabilities" value="chrome"/>
      <property name="file" value=".\tests\Desktop\Header.js"/>
    </properties>
    <testcase classname="chrome.verify_bra_menu_option_is_working" name="should_when_clicked_redirect_properly" time="1.728">
      <system-out>
        <![CDATA[
COMMAND: POST http://127.0.0.1:4444/wd/hub/session/a2918683-3001-4a84-a029-0d3f87e923af/element - {"using":"id","value":"Bra-Header-Link"}
RESULT: {"state":"success","sessionId":"a2918683-3001-4a84-a029-0d3f87e923af","hCode":1796518851,"value":{"ELEMENT":"13"},"class":"org.openqa.selenium.remote.Response","status":0}
COMMAND: POST http://127.0.0.1:4444/wd/hub/session/a2918683-3001-4a84-a029-0d3f87e923af/element/13/click - {}
RESULT: {"state":"success","sessionId":"a2918683-3001-4a84-a029-0d3f87e923af","hCode":1051389011,"value":null,"class":"org.openqa.selenium.remote.Response","status":0}
COMMAND: GET http://127.0.0.1:4444/wd/hub/session/a2918683-3001-4a84-a029-0d3f87e923af/url - {}
RESULT: {"state":"success","sessionId":"a2918683-3001-4a84-a029-0d3f87e923af","hCode":1989145016,"value":"https://www.jockey.com/home/bra","class":"org.openqa.selenium.remote.Response","status":0}
]]>
      </system-out>
    </testcase>
  </testsuite>
  <testsuite name="dropdown_menu_specs" timestamp="2017-04-03T13:16:50" time="0.289" tests="4" failures="0" errors="0" skipped="0">
    <properties>
      <property name="specId" value="d57c04ce22b7d396608218db62e5cb99"/>
      <property name="suiteName" value="Dropdown Menu Specs"/>
      <property name="capabilities" value="chrome"/>
      <property name="file" value=".\tests\Desktop\Header.js"/>
    </properties>
    <testcase classname="chrome.dropdown_menu_specs" name="should_display_dropdown_menu_on_hover" time="0.15">
      <system-out>
        <![CDATA[
COMMAND: POST http://127.0.0.1:4444/wd/hub/session/a2918683-3001-4a84-a029-0d3f87e923af/element - {"using":"id","value":"Bra-Header-Link"}
RESULT: {"state":"success","sessionId":"a2918683-3001-4a84-a029-0d3f87e923af","hCode":2119662113,"value":{"ELEMENT":"14"},"class":"org.openqa.selenium.remote.Response","status":0}
COMMAND: POST http://127.0.0.1:4444/wd/hub/session/a2918683-3001-4a84-a029-0d3f87e923af/moveto - {"element":"14"}
RESULT: {"state":"success","sessionId":"a2918683-3001-4a84-a029-0d3f87e923af","hCode":545616055,"value":null,"class":"org.openqa.selenium.remote.Response","status":0}
COMMAND: POST http://127.0.0.1:4444/wd/hub/session/a2918683-3001-4a84-a029-0d3f87e923af/elements - {"using":"id","value":"BraFlyOut"}
RESULT: {"state":"success","sessionId":"a2918683-3001-4a84-a029-0d3f87e923af","hCode":515707780,"value":[{"ELEMENT":"15"}],"class":"org.openqa.selenium.remote.Response","status":0}
COMMAND: GET http://127.0.0.1:4444/wd/hub/session/a2918683-3001-4a84-a029-0d3f87e923af/element/15/attribute/style - {}
RESULT: {"state":"success","sessionId":"a2918683-3001-4a84-a029-0d3f87e923af","hCode":1359949820,"value":"display: block;","class":"org.openqa.selenium.remote.Response","status":0}
]]>
      </system-out>
    </testcase>
    <testcase classname="chrome.dropdown_menu_specs" name="should_contain_realfit" time="0.055">
      <system-out>
        <![CDATA[
COMMAND: POST http://127.0.0.1:4444/wd/hub/session/a2918683-3001-4a84-a029-0d3f87e923af/elements - {"using":"id","value":"BraFlyOut"}
RESULT: {"state":"success","sessionId":"a2918683-3001-4a84-a029-0d3f87e923af","hCode":898073907,"value":[{"ELEMENT":"15"}],"class":"org.openqa.selenium.remote.Response","status":0}
COMMAND: GET http://127.0.0.1:4444/wd/hub/session/a2918683-3001-4a84-a029-0d3f87e923af/element/15/text - {}
RESULT: {"state":"success","sessionId":"a2918683-3001-4a84-a029-0d3f87e923af","hCode":610621541,"value":"REALFIT® BRAS ›\nSPORTS BRAS ›\nBRALETTES ›","class":"org.openqa.selenium.remote.Response","status":0}
]]>
      </system-out>
    </testcase>
    <testcase classname="chrome.dropdown_menu_specs" name="should_contain_sports_bras" time="0.038">
      <system-out>
        <![CDATA[
COMMAND: POST http://127.0.0.1:4444/wd/hub/session/a2918683-3001-4a84-a029-0d3f87e923af/elements - {"using":"id","value":"BraFlyOut"}
RESULT: {"state":"success","sessionId":"a2918683-3001-4a84-a029-0d3f87e923af","hCode":152319139,"value":[{"ELEMENT":"15"}],"class":"org.openqa.selenium.remote.Response","status":0}
COMMAND: GET http://127.0.0.1:4444/wd/hub/session/a2918683-3001-4a84-a029-0d3f87e923af/element/15/text - {}
RESULT: {"state":"success","sessionId":"a2918683-3001-4a84-a029-0d3f87e923af","hCode":220058572,"value":"REALFIT® BRAS ›\nSPORTS BRAS ›\nBRALETTES ›","class":"org.openqa.selenium.remote.Response","status":0}
]]>
      </system-out>
    </testcase>
    <testcase classname="chrome.dropdown_menu_specs" name="should_contain_bralettes" time="0.044">
      <system-out>
        <![CDATA[
COMMAND: POST http://127.0.0.1:4444/wd/hub/session/a2918683-3001-4a84-a029-0d3f87e923af/elements - {"using":"id","value":"BraFlyOut"}
RESULT: {"state":"success","sessionId":"a2918683-3001-4a84-a029-0d3f87e923af","hCode":171677375,"value":[{"ELEMENT":"15"}],"class":"org.openqa.selenium.remote.Response","status":0}
COMMAND: GET http://127.0.0.1:4444/wd/hub/session/a2918683-3001-4a84-a029-0d3f87e923af/element/15/text - {}
RESULT: {"state":"success","sessionId":"a2918683-3001-4a84-a029-0d3f87e923af","hCode":1156373627,"value":"REALFIT® BRAS ›\nSPORTS BRAS ›\nBRALETTES ›","class":"org.openqa.selenium.remote.Response","status":0}
]]>
      </system-out>
    </testcase>
  </testsuite>
  <testsuite name="verify_sale_menu_option_is_working" timestamp="2017-04-03T13:16:51" time="3.512" tests="1" failures="0" errors="0" skipped="0">
    <properties>
      <property name="specId" value="d57c04ce22b7d396608218db62e5cb99"/>
      <property name="suiteName" value="Verify SALE menu option is working"/>
      <property name="capabilities" value="chrome"/>
      <property name="file" value=".\tests\Desktop\Header.js"/>
    </properties>
    <testcase classname="chrome.verify_sale_menu_option_is_working" name="should_when_clicked_redirect_properly" time="2.419">
      <system-out>
        <![CDATA[
COMMAND: POST http://127.0.0.1:4444/wd/hub/session/a2918683-3001-4a84-a029-0d3f87e923af/element - {"using":"id","value":"Sale-Header-Link"}
RESULT: {"state":"success","sessionId":"a2918683-3001-4a84-a029-0d3f87e923af","hCode":39983080,"value":{"ELEMENT":"16"},"class":"org.openqa.selenium.remote.Response","status":0}
COMMAND: POST http://127.0.0.1:4444/wd/hub/session/a2918683-3001-4a84-a029-0d3f87e923af/element/16/click - {}
RESULT: {"state":"success","sessionId":"a2918683-3001-4a84-a029-0d3f87e923af","hCode":145242316,"value":null,"class":"org.openqa.selenium.remote.Response","status":0}
COMMAND: GET http://127.0.0.1:4444/wd/hub/session/a2918683-3001-4a84-a029-0d3f87e923af/url - {}
RESULT: {"state":"success","sessionId":"a2918683-3001-4a84-a029-0d3f87e923af","hCode":481101213,"value":"https://www.jockey.com/catalog/sale#/page=1","class":"org.openqa.selenium.remote.Response","status":0}
]]>
      </system-out>
    </testcase>
  </testsuite>
  <testsuite name="dropdown_menu_specs" timestamp="2017-04-03T13:16:53" time="1.093" tests="3" failures="0" errors="0" skipped="0">
    <properties>
      <property name="specId" value="d57c04ce22b7d396608218db62e5cb99"/>
      <property name="suiteName" value="Dropdown Menu Specs"/>
      <property name="capabilities" value="chrome"/>
      <property name="file" value=".\tests\Desktop\Header.js"/>
    </properties>
    <testcase classname="chrome.dropdown_menu_specs" name="should_display_dropdown_menu_on_hover" time="0.991">
      <system-out>
        <![CDATA[
COMMAND: POST http://127.0.0.1:4444/wd/hub/session/a2918683-3001-4a84-a029-0d3f87e923af/element - {"using":"id","value":"Sale-Header-Link"}
RESULT: {"state":"success","sessionId":"a2918683-3001-4a84-a029-0d3f87e923af","hCode":2134879269,"value":{"ELEMENT":"17"},"class":"org.openqa.selenium.remote.Response","status":0}
COMMAND: POST http://127.0.0.1:4444/wd/hub/session/a2918683-3001-4a84-a029-0d3f87e923af/moveto - {"element":"17"}
RESULT: {"state":"success","sessionId":"a2918683-3001-4a84-a029-0d3f87e923af","hCode":42880885,"value":null,"class":"org.openqa.selenium.remote.Response","status":0}
COMMAND: POST http://127.0.0.1:4444/wd/hub/session/a2918683-3001-4a84-a029-0d3f87e923af/elements - {"using":"id","value":"SaleFlyOut"}
RESULT: {"state":"success","sessionId":"a2918683-3001-4a84-a029-0d3f87e923af","hCode":417757395,"value":[{"ELEMENT":"18"}],"class":"org.openqa.selenium.remote.Response","status":0}
COMMAND: GET http://127.0.0.1:4444/wd/hub/session/a2918683-3001-4a84-a029-0d3f87e923af/element/18/attribute/style - {}
RESULT: {"state":"success","sessionId":"a2918683-3001-4a84-a029-0d3f87e923af","hCode":2052214389,"value":"display: block;","class":"org.openqa.selenium.remote.Response","status":0}
]]>
      </system-out>
    </testcase>
    <testcase classname="chrome.dropdown_menu_specs" name="should_contain_men_s_sale" time="0.046">
      <system-out>
        <![CDATA[
COMMAND: POST http://127.0.0.1:4444/wd/hub/session/a2918683-3001-4a84-a029-0d3f87e923af/elements - {"using":"id","value":"SaleFlyOut"}
RESULT: {"state":"success","sessionId":"a2918683-3001-4a84-a029-0d3f87e923af","hCode":43566306,"value":[{"ELEMENT":"18"}],"class":"org.openqa.selenium.remote.Response","status":0}
COMMAND: GET http://127.0.0.1:4444/wd/hub/session/a2918683-3001-4a84-a029-0d3f87e923af/element/18/text - {}
RESULT: {"state":"success","sessionId":"a2918683-3001-4a84-a029-0d3f87e923af","hCode":32450820,"value":"MEN'S SALE ›\nunderwear\nthermals\nt-shirts\nboxers\nsleep & lounge\nWOMEN'S SALE ›\nunderwear\nthermals\ntops\nsleep & lounge\nactivewear","class":"org.openqa.selenium.remote.Response","status":0}
]]>
      </system-out>
    </testcase>
    <testcase classname="chrome.dropdown_menu_specs" name="should_contain_women_s_sale" time="0.054">
      <system-out>
        <![CDATA[
COMMAND: POST http://127.0.0.1:4444/wd/hub/session/a2918683-3001-4a84-a029-0d3f87e923af/elements - {"using":"id","value":"SaleFlyOut"}
RESULT: {"state":"success","sessionId":"a2918683-3001-4a84-a029-0d3f87e923af","hCode":1125611306,"value":[{"ELEMENT":"18"}],"class":"org.openqa.selenium.remote.Response","status":0}
COMMAND: GET http://127.0.0.1:4444/wd/hub/session/a2918683-3001-4a84-a029-0d3f87e923af/element/18/text - {}
RESULT: {"state":"success","sessionId":"a2918683-3001-4a84-a029-0d3f87e923af","hCode":905610689,"value":"MEN'S SALE ›\nunderwear\nthermals\nt-shirts\nboxers\nsleep & lounge\nWOMEN'S SALE ›\nunderwear\nthermals\ntops\nsleep & lounge\nactivewear","class":"org.openqa.selenium.remote.Response","status":0}
]]>
      </system-out>
    </testcase>
  </testsuite>
  <testsuite name="verify_help_link" timestamp="2017-04-03T13:16:54" time="1.58" tests="2" failures="0" errors="0" skipped="0">
    <properties>
      <property name="specId" value="d57c04ce22b7d396608218db62e5cb99"/>
      <property name="suiteName" value="Verify Help Link"/>
      <property name="capabilities" value="chrome"/>
      <property name="file" value=".\tests\Desktop\Header.js"/>
    </properties>
    <testcase classname="chrome.verify_help_link" name="should_exist" time="0.027">
      <system-out>
        <![CDATA[
COMMAND: POST http://127.0.0.1:4444/wd/hub/session/a2918683-3001-4a84-a029-0d3f87e923af/element - {"using":"css selector","value":".desktop-cta.desktop-help"}
RESULT: {"state":"success","sessionId":"a2918683-3001-4a84-a029-0d3f87e923af","hCode":1960709838,"value":{"ELEMENT":"19"},"class":"org.openqa.selenium.remote.Response","status":0}
]]>
      </system-out>
    </testcase>
    <testcase classname="chrome.verify_help_link" name="should_open_help_page_when_clicked" time="1.143">
      <system-out>
        <![CDATA[
COMMAND: POST http://127.0.0.1:4444/wd/hub/session/a2918683-3001-4a84-a029-0d3f87e923af/element - {"using":"css selector","value":".desktop-cta.desktop-help"}
RESULT: {"state":"success","sessionId":"a2918683-3001-4a84-a029-0d3f87e923af","hCode":1282192966,"value":{"ELEMENT":"19"},"class":"org.openqa.selenium.remote.Response","status":0}
COMMAND: POST http://127.0.0.1:4444/wd/hub/session/a2918683-3001-4a84-a029-0d3f87e923af/element/19/click - {}
RESULT: {"state":"success","sessionId":"a2918683-3001-4a84-a029-0d3f87e923af","hCode":1384983951,"value":null,"class":"org.openqa.selenium.remote.Response","status":0}
COMMAND: GET http://127.0.0.1:4444/wd/hub/session/a2918683-3001-4a84-a029-0d3f87e923af/url - {}
RESULT: {"state":"success","sessionId":"a2918683-3001-4a84-a029-0d3f87e923af","hCode":475078115,"value":"https://www.jockey.com/customerservice/contactus","class":"org.openqa.selenium.remote.Response","status":0}
]]>
      </system-out>
    </testcase>
  </testsuite>
  <testsuite name="should_display_the_proper_options" timestamp="2017-04-03T13:16:55" time="0.407" tests="4" failures="0" errors="0" skipped="0">
    <properties>
      <property name="specId" value="d57c04ce22b7d396608218db62e5cb99"/>
      <property name="suiteName" value="should display the proper options"/>
      <property name="capabilities" value="chrome"/>
      <property name="file" value=".\tests\Desktop\Header.js"/>
    </properties>
    <testcase classname="chrome.should_display_the_proper_options" name="should_show_email_us" time="0.316">
      <system-out>
        <![CDATA[
COMMAND: POST http://127.0.0.1:4444/wd/hub/session/a2918683-3001-4a84-a029-0d3f87e923af/elements - {"using":"css selector","value":".help-buttons"}
RESULT: {"state":"success","sessionId":"a2918683-3001-4a84-a029-0d3f87e923af","hCode":1384833574,"value":[{"ELEMENT":"20"}],"class":"org.openqa.selenium.remote.Response","status":0}
COMMAND: GET http://127.0.0.1:4444/wd/hub/session/a2918683-3001-4a84-a029-0d3f87e923af/element/20/text - {}
RESULT: {"state":"success","sessionId":"a2918683-3001-4a84-a029-0d3f87e923af","hCode":1164728119,"value":"*EMAIL US ›\n*TEXT US\n1-800-562-5391\nCALL US\n1-800-562-5391\nCHAT WITH US ›","class":"org.openqa.selenium.remote.Response","status":0}
]]>
      </system-out>
    </testcase>
    <testcase classname="chrome.should_display_the_proper_options" name="should_show_text_us" time="0.036">
      <system-out>
        <![CDATA[
COMMAND: POST http://127.0.0.1:4444/wd/hub/session/a2918683-3001-4a84-a029-0d3f87e923af/elements - {"using":"css selector","value":".help-buttons"}
RESULT: {"state":"success","sessionId":"a2918683-3001-4a84-a029-0d3f87e923af","hCode":1817451771,"value":[{"ELEMENT":"20"}],"class":"org.openqa.selenium.remote.Response","status":0}
COMMAND: GET http://127.0.0.1:4444/wd/hub/session/a2918683-3001-4a84-a029-0d3f87e923af/element/20/text - {}
RESULT: {"state":"success","sessionId":"a2918683-3001-4a84-a029-0d3f87e923af","hCode":1911451486,"value":"*EMAIL US ›\n*TEXT US\n1-800-562-5391\nCALL US\n1-800-562-5391\nCHAT WITH US ›","class":"org.openqa.selenium.remote.Response","status":0}
]]>
      </system-out>
    </testcase>
    <testcase classname="chrome.should_display_the_proper_options" name="should_show_call_us" time="0.027">
      <system-out>
        <![CDATA[
COMMAND: POST http://127.0.0.1:4444/wd/hub/session/a2918683-3001-4a84-a029-0d3f87e923af/elements - {"using":"css selector","value":".help-buttons"}
RESULT: {"state":"success","sessionId":"a2918683-3001-4a84-a029-0d3f87e923af","hCode":1860669353,"value":[{"ELEMENT":"20"}],"class":"org.openqa.selenium.remote.Response","status":0}
COMMAND: GET http://127.0.0.1:4444/wd/hub/session/a2918683-3001-4a84-a029-0d3f87e923af/element/20/text - {}
RESULT: {"state":"success","sessionId":"a2918683-3001-4a84-a029-0d3f87e923af","hCode":344103036,"value":"*EMAIL US ›\n*TEXT US\n1-800-562-5391\nCALL US\n1-800-562-5391\nCHAT WITH US ›","class":"org.openqa.selenium.remote.Response","status":0}
]]>
      </system-out>
    </testcase>
    <testcase classname="chrome.should_display_the_proper_options" name="should_show_chat_with_us" time="0.028">
      <system-out>
        <![CDATA[
COMMAND: POST http://127.0.0.1:4444/wd/hub/session/a2918683-3001-4a84-a029-0d3f87e923af/elements - {"using":"css selector","value":".help-buttons"}
RESULT: {"state":"success","sessionId":"a2918683-3001-4a84-a029-0d3f87e923af","hCode":1834522268,"value":[{"ELEMENT":"20"}],"class":"org.openqa.selenium.remote.Response","status":0}
COMMAND: GET http://127.0.0.1:4444/wd/hub/session/a2918683-3001-4a84-a029-0d3f87e923af/element/20/text - {}
RESULT: {"state":"success","sessionId":"a2918683-3001-4a84-a029-0d3f87e923af","hCode":257088313,"value":"*EMAIL US ›\n*TEXT US\n1-800-562-5391\nCALL US\n1-800-562-5391\nCHAT WITH US ›","class":"org.openqa.selenium.remote.Response","status":0}
]]>
      </system-out>
    </testcase>
  </testsuite>
  <testsuite name="verify_bag_link" timestamp="2017-04-03T13:16:56" time="2.399" tests="2" failures="0" errors="0" skipped="0">
    <properties>
      <property name="specId" value="d57c04ce22b7d396608218db62e5cb99"/>
      <property name="suiteName" value="Verify Bag Link"/>
      <property name="capabilities" value="chrome"/>
      <property name="file" value=".\tests\Desktop\Header.js"/>
    </properties>
    <testcase classname="chrome.verify_bag_link" name="should_direct_to_the_bag_page_when_clicked" time="0.835">
      <system-out>
        <![CDATA[
COMMAND: POST http://127.0.0.1:4444/wd/hub/session/a2918683-3001-4a84-a029-0d3f87e923af/element - {"using":"id","value":"BagDropdown"}
RESULT: {"state":"success","sessionId":"a2918683-3001-4a84-a029-0d3f87e923af","hCode":279858268,"value":{"ELEMENT":"21"},"class":"org.openqa.selenium.remote.Response","status":0}
COMMAND: POST http://127.0.0.1:4444/wd/hub/session/a2918683-3001-4a84-a029-0d3f87e923af/element/21/click - {}
RESULT: {"state":"success","sessionId":"a2918683-3001-4a84-a029-0d3f87e923af","hCode":1152373751,"value":null,"class":"org.openqa.selenium.remote.Response","status":0}
COMMAND: GET http://127.0.0.1:4444/wd/hub/session/a2918683-3001-4a84-a029-0d3f87e923af/url - {}
RESULT: {"state":"success","sessionId":"a2918683-3001-4a84-a029-0d3f87e923af","hCode":872967689,"value":"https://www.jockey.com/bag","class":"org.openqa.selenium.remote.Response","status":0}
]]>
      </system-out>
    </testcase>
    <testcase classname="chrome.verify_bag_link" name="should_have_an_initial_value_of_0" time="0.579">
      <system-out>
        <![CDATA[
COMMAND: POST http://127.0.0.1:4444/wd/hub/session/a2918683-3001-4a84-a029-0d3f87e923af/elements - {"using":"id","value":"BagQuantity"}
RESULT: {"state":"success","sessionId":"a2918683-3001-4a84-a029-0d3f87e923af","hCode":67429807,"value":[{"ELEMENT":"22"}],"class":"org.openqa.selenium.remote.Response","status":0}
COMMAND: GET http://127.0.0.1:4444/wd/hub/session/a2918683-3001-4a84-a029-0d3f87e923af/element/22/text - {}
RESULT: {"state":"success","sessionId":"a2918683-3001-4a84-a029-0d3f87e923af","hCode":1093763734,"value":"0","class":"org.openqa.selenium.remote.Response","status":0}
]]>
      </system-out>
    </testcase>
  </testsuite>
  <testsuite name="the_page_should_contain_the_start_shopping_button" timestamp="2017-04-03T13:16:57" time="0.985" tests="3" failures="0" errors="0" skipped="0">
    <properties>
      <property name="specId" value="d57c04ce22b7d396608218db62e5cb99"/>
      <property name="suiteName" value="the page should contain the &quot;Start Shopping&quot; button"/>
      <property name="capabilities" value="chrome"/>
      <property name="file" value=".\tests\Desktop\Header.js"/>
    </properties>
    <testcase classname="chrome.the_page_should_contain_the_start_shopping_button" name="should_display_the_button" time="0.069">
      <system-out>
        <![CDATA[
COMMAND: POST http://127.0.0.1:4444/wd/hub/session/a2918683-3001-4a84-a029-0d3f87e923af/element - {"using":"css selector","value":".bag-empty-button-row a"}
RESULT: {"state":"success","sessionId":"a2918683-3001-4a84-a029-0d3f87e923af","hCode":326779472,"value":{"ELEMENT":"23"},"class":"org.openqa.selenium.remote.Response","status":0}
]]>
      </system-out>
    </testcase>
    <testcase classname="chrome.the_page_should_contain_the_start_shopping_button" name="should_contain_the_text_start_shopping" time="0.044">
      <system-out>
        <![CDATA[
COMMAND: POST http://127.0.0.1:4444/wd/hub/session/a2918683-3001-4a84-a029-0d3f87e923af/elements - {"using":"css selector","value":".bag-empty-button-row a"}
RESULT: {"state":"success","sessionId":"a2918683-3001-4a84-a029-0d3f87e923af","hCode":1216053776,"value":[{"ELEMENT":"23"}],"class":"org.openqa.selenium.remote.Response","status":0}
COMMAND: GET http://127.0.0.1:4444/wd/hub/session/a2918683-3001-4a84-a029-0d3f87e923af/element/23/text - {}
RESULT: {"state":"success","sessionId":"a2918683-3001-4a84-a029-0d3f87e923af","hCode":1126666609,"value":"START SHOPPING","class":"org.openqa.selenium.remote.Response","status":0}
]]>
      </system-out>
    </testcase>
    <testcase classname="chrome.the_page_should_contain_the_start_shopping_button" name="should_redirect_to_main_page_when_clicked" time="0.87">
      <system-out>
        <![CDATA[
COMMAND: POST http://127.0.0.1:4444/wd/hub/session/a2918683-3001-4a84-a029-0d3f87e923af/element - {"using":"css selector","value":".bag-empty-button-row a"}
RESULT: {"state":"success","sessionId":"a2918683-3001-4a84-a029-0d3f87e923af","hCode":1102191953,"value":{"ELEMENT":"23"},"class":"org.openqa.selenium.remote.Response","status":0}
COMMAND: POST http://127.0.0.1:4444/wd/hub/session/a2918683-3001-4a84-a029-0d3f87e923af/element/23/click - {}
RESULT: {"state":"success","sessionId":"a2918683-3001-4a84-a029-0d3f87e923af","hCode":1211806235,"value":null,"class":"org.openqa.selenium.remote.Response","status":0}
COMMAND: GET http://127.0.0.1:4444/wd/hub/session/a2918683-3001-4a84-a029-0d3f87e923af/url - {}
RESULT: {"state":"success","sessionId":"a2918683-3001-4a84-a029-0d3f87e923af","hCode":1793197055,"value":"https://www.jockey.com/","class":"org.openqa.selenium.remote.Response","status":0}
COMMAND: DELETE http://127.0.0.1:4444/wd/hub/session/a2918683-3001-4a84-a029-0d3f87e923af - {}
RESULT: {"state":"success","sessionId":"a2918683-3001-4a84-a029-0d3f87e923af","hCode":1486916941,"value":null,"class":"org.openqa.selenium.remote.Response","status":0}
]]>
      </system-out>
    </testcase>
  </testsuite>
</testsuites>